--progress is a global compose flag, better use `docker compose --progress xx build ...
 Image ja4_nopatch-nginx-ja4-nopatch Building 
#1 [internal] load local bake definitions
#1 reading from stdin 572B done
#1 DONE 0.0s

#2 [internal] load build definition from Dockerfile
#2 transferring dockerfile: 1.52kB done
#2 DONE 0.0s

#3 [internal] load metadata for docker.io/library/alpine:3.21
#3 DONE 0.8s

#4 [internal] load .dockerignore
#4 transferring context: 2B done
#4 DONE 0.0s

#5 [ 1/12] FROM docker.io/library/alpine:3.21@sha256:5405e8f36ce1878720f71217d664aa3dea32e5e5df11acbf07fc78ef5661465b
#5 resolve docker.io/library/alpine:3.21@sha256:5405e8f36ce1878720f71217d664aa3dea32e5e5df11acbf07fc78ef5661465b 0.0s done
#5 DONE 0.0s

#6 [internal] load build context
#6 transferring context: 654B done
#6 DONE 0.0s

#7 [ 2/12] RUN apk add --no-cache     gcc     libc-dev     make     openssl     openssl-dev     pcre-dev     zlib-dev     wget     perl-dev     linux-headers
#7 CACHED

#8 [ 3/12] WORKDIR /tmp
#8 CACHED

#9 [ 4/12] RUN echo "Downloading Nginx..." &&     wget https://nginx.org/download/nginx-1.27.3.tar.gz &&     tar -zxf nginx-1.27.3.tar.gz
#9 CACHED

#10 [ 5/12] COPY . /tmp/ja4_nopatch
#10 DONE 0.0s

#11 [ 6/12] WORKDIR /tmp/nginx-1.27.3
#11 DONE 0.0s

#12 [ 7/12] RUN ./configure     --with-debug     --with-compat     --add-module=/tmp/ja4_nopatch     --with-http_ssl_module     --prefix=/etc/nginx     && make     && make install
#12 0.295 checking for OS
#12 0.299  + Linux 6.8.0-71-generic x86_64
#12 0.299 checking for C compiler ... found
#12 0.380  + using GNU C compiler
#12 0.385  + gcc version: 14.2.0 (Alpine 14.2.0) 
#12 0.387 checking for gcc -pipe switch ... found
#12 0.459 checking for -Wl,-E switch ... found
#12 0.520 checking for gcc builtin atomic operations ... found
#12 0.590 checking for C99 variadic macros ... found
#12 0.657 checking for gcc variadic macros ... found
#12 0.729 checking for gcc builtin 64 bit byteswap ... found
#12 0.803 checking for unistd.h ... found
#12 0.867 checking for inttypes.h ... found
#12 0.932 checking for limits.h ... found
#12 1.005 checking for sys/filio.h ... not found
#12 1.033 checking for sys/param.h ... found
#12 1.108 checking for sys/mount.h ... found
#12 1.194 checking for sys/statvfs.h ... found
#12 1.277 checking for crypt.h ... found
#12 1.347 checking for Linux specific features
#12 1.352 checking for epoll ... found
#12 1.430 checking for EPOLLRDHUP ... found
#12 1.505 checking for EPOLLEXCLUSIVE ... found
#12 1.572 checking for eventfd() ... found
#12 1.647 checking for O_PATH ... found
#12 1.734 checking for sendfile() ... found
#12 1.809 checking for sendfile64() ... found
#12 1.887 checking for sys/prctl.h ... found
#12 1.969 checking for prctl(PR_SET_DUMPABLE) ... found
#12 2.061 checking for prctl(PR_SET_KEEPCAPS) ... found
#12 2.134 checking for capabilities ... found
#12 2.212 checking for crypt_r() ... found
#12 2.285 checking for sys/vfs.h ... found
#12 2.357 checking for BPF sockhash ... found
#12 2.441 checking for SO_COOKIE ... found
#12 2.507 checking for UDP_SEGMENT ... found
#12 2.584 checking for nobody group ... found
#12 2.584 checking for poll() ... found
#12 2.646 checking for /dev/poll ... not found
#12 2.681 checking for kqueue ... not found
#12 2.717 checking for crypt() ... found
#12 2.774 checking for F_READAHEAD ... not found
#12 2.810 checking for posix_fadvise() ... found
#12 2.885 checking for O_DIRECT ... found
#12 2.954 checking for F_NOCACHE ... not found
#12 2.986 checking for directio() ... not found
#12 3.028 checking for statfs() ... found
#12 3.094 checking for statvfs() ... found
#12 3.160 checking for dlopen() ... found
#12 3.227 checking for sched_yield() ... found
#12 3.290 checking for sched_setaffinity() ... found
#12 3.361 checking for SO_SETFIB ... not found
#12 3.394 checking for SO_REUSEPORT ... found
#12 3.460 checking for SO_ACCEPTFILTER ... not found
#12 3.497 checking for SO_BINDANY ... not found
#12 3.529 checking for IP_TRANSPARENT ... found
#12 3.596 checking for IP_BINDANY ... not found
#12 3.636 checking for IP_BIND_ADDRESS_NO_PORT ... found
#12 3.709 checking for IP_RECVDSTADDR ... not found
#12 3.748 checking for IP_SENDSRCADDR ... not found
#12 3.798 checking for IP_PKTINFO ... found
#12 3.880 checking for IPV6_RECVPKTINFO ... found
#12 3.969 checking for IP_MTU_DISCOVER ... found
#12 4.033 checking for IPV6_MTU_DISCOVER ... found
#12 4.098 checking for IP_DONTFRAG ... not found
#12 4.137 checking for IPV6_DONTFRAG ... found
#12 4.203 checking for TCP_DEFER_ACCEPT ... found
#12 4.272 checking for TCP_KEEPIDLE ... found
#12 4.355 checking for TCP_FASTOPEN ... found
#12 4.418 checking for TCP_INFO ... found
#12 4.480 checking for accept4() ... found
#12 4.546 checking for int size ... 4 bytes
#12 4.606 checking for long size ... 8 bytes
#12 4.672 checking for long long size ... 8 bytes
#12 4.740 checking for void * size ... 8 bytes
#12 4.812 checking for uint32_t ... found
#12 4.883 checking for uint64_t ... found
#12 4.943 checking for sig_atomic_t ... found
#12 5.004 checking for sig_atomic_t size ... 4 bytes
#12 5.070 checking for socklen_t ... found
#12 5.126 checking for in_addr_t ... found
#12 5.192 checking for in_port_t ... found
#12 5.260 checking for rlim_t ... found
#12 5.321 checking for uintptr_t ... uintptr_t found
#12 5.388 checking for system byte ordering ... little endian
#12 5.444 checking for size_t size ... 8 bytes
#12 5.508 checking for off_t size ... 8 bytes
#12 5.580 checking for time_t size ... 8 bytes
#12 5.662 checking for AF_INET6 ... found
#12 5.732 checking for setproctitle() ... not found
#12 5.764 checking for pread() ... found
#12 5.824 checking for pwrite() ... found
#12 5.885 checking for pwritev() ... found
#12 5.945 checking for strerrordesc_np() ... not found
#12 5.977 checking for sys_nerr ... not found
#12 6.012 checking for _sys_nerr ... not found
#12 6.046 checking for localtime_r() ... found
#12 6.109 checking for clock_gettime(CLOCK_MONOTONIC) ... found
#12 6.174 checking for posix_memalign() ... found
#12 6.252 checking for memalign() ... found
#12 6.320 checking for mmap(MAP_ANON|MAP_SHARED) ... found
#12 6.388 checking for mmap("/dev/zero", MAP_SHARED) ... found
#12 6.465 checking for System V shared memory ... found
#12 6.538 checking for POSIX semaphores ... found
#12 6.621 checking for struct msghdr.msg_control ... found
#12 6.698 checking for ioctl(FIONBIO) ... found
#12 6.767 checking for ioctl(FIONREAD) ... found
#12 6.849 checking for struct tm.tm_gmtoff ... found
#12 6.911 checking for struct dirent.d_namlen ... not found
#12 6.943 checking for struct dirent.d_type ... found
#12 7.010 checking for sysconf(_SC_NPROCESSORS_ONLN) ... found
#12 7.079 checking for sysconf(_SC_LEVEL1_DCACHE_LINESIZE) ... not found
#12 7.123 checking for openat(), fstatat() ... found
#12 7.200 checking for getaddrinfo() ... found
#12 7.322 configuring additional modules
#12 7.322 adding module in /tmp/ja4_nopatch
#12 7.324  + ngx_http_ja4_module was configured
#12 7.347 checking for PCRE2 library ... not found
#12 7.393 checking for PCRE library ... found
#12 7.488 checking for PCRE JIT support ... found
#12 7.557 checking for OpenSSL library ... found
#12 7.852 checking for zlib library ... found
#12 7.937 creating objs/Makefile
#12 8.552 
#12 8.552 Configuration summary
#12 8.552   + using system PCRE library
#12 8.552   + using system OpenSSL library
#12 8.552   + using system zlib library
#12 8.552 
#12 8.554   nginx path prefix: "/etc/nginx"
#12 8.554   nginx binary file: "/etc/nginx/sbin/nginx"
#12 8.554   nginx modules path: "/etc/nginx/modules"
#12 8.554   nginx configuration prefix: "/etc/nginx/conf"
#12 8.554   nginx configuration file: "/etc/nginx/conf/nginx.conf"
#12 8.554   nginx pid file: "/etc/nginx/logs/nginx.pid"
#12 8.554   nginx error log file: "/etc/nginx/logs/error.log"
#12 8.555   nginx http access log file: "/etc/nginx/logs/access.log"
#12 8.555   nginx http client request body temporary files: "client_body_temp"
#12 8.556   nginx http proxy temporary files: "proxy_temp"
#12 8.556   nginx http fastcgi temporary files: "fastcgi_temp"
#12 8.556   nginx http uwsgi temporary files: "uwsgi_temp"
#12 8.556   nginx http scgi temporary files: "scgi_temp"
#12 8.556 
#12 8.558 make -f objs/Makefile
#12 8.572 make[1]: Entering directory '/tmp/nginx-1.27.3'
#12 8.572 cc -c -pipe  -O -W -Wall -Wpointer-arith -Wno-unused-parameter -Werror -g  -I src/core -I src/event -I src/event/modules -I src/event/quic -I src/os/unix -I objs \
#12 8.572 	-o objs/src/core/nginx.o \
#12 8.572 	src/core/nginx.c
#12 9.271 cc -c -pipe  -O -W -Wall -Wpointer-arith -Wno-unused-parameter -Werror -g  -I src/core -I src/event -I src/event/modules -I src/event/quic -I src/os/unix -I objs \
#12 9.271 	-o objs/src/core/ngx_log.o \
#12 9.271 	src/core/ngx_log.c
#12 9.763 cc -c -pipe  -O -W -Wall -Wpointer-arith -Wno-unused-parameter -Werror -g  -I src/core -I src/event -I src/event/modules -I src/event/quic -I src/os/unix -I objs \
#12 9.763 	-o objs/src/core/ngx_palloc.o \
#12 9.763 	src/core/ngx_palloc.c
#12 10.23 cc -c -pipe  -O -W -Wall -Wpointer-arith -Wno-unused-parameter -Werror -g  -I src/core -I src/event -I src/event/modules -I src/event/quic -I src/os/unix -I objs \
#12 10.23 	-o objs/src/core/ngx_array.o \
#12 10.23 	src/core/ngx_array.c
#12 10.59 cc -c -pipe  -O -W -Wall -Wpointer-arith -Wno-unused-parameter -Werror -g  -I src/core -I src/event -I src/event/modules -I src/event/quic -I src/os/unix -I objs \
#12 10.59 	-o objs/src/core/ngx_list.o \
#12 10.59 	src/core/ngx_list.c
#12 10.94 cc -c -pipe  -O -W -Wall -Wpointer-arith -Wno-unused-parameter -Werror -g  -I src/core -I src/event -I src/event/modules -I src/event/quic -I src/os/unix -I objs \
#12 10.94 	-o objs/src/core/ngx_hash.o \
#12 10.94 	src/core/ngx_hash.c
#12 11.58 cc -c -pipe  -O -W -Wall -Wpointer-arith -Wno-unused-parameter -Werror -g  -I src/core -I src/event -I src/event/modules -I src/event/quic -I src/os/unix -I objs \
#12 11.58 	-o objs/src/core/ngx_buf.o \
#12 11.58 	src/core/ngx_buf.c
#12 11.97 cc -c -pipe  -O -W -Wall -Wpointer-arith -Wno-unused-parameter -Werror -g  -I src/core -I src/event -I src/event/modules -I src/event/quic -I src/os/unix -I objs \
#12 11.97 	-o objs/src/core/ngx_queue.o \
#12 11.97 	src/core/ngx_queue.c
#12 12.34 cc -c -pipe  -O -W -Wall -Wpointer-arith -Wno-unused-parameter -Werror -g  -I src/core -I src/event -I src/event/modules -I src/event/quic -I src/os/unix -I objs \
#12 12.34 	-o objs/src/core/ngx_output_chain.o \
#12 12.34 	src/core/ngx_output_chain.c
#12 12.86 cc -c -pipe  -O -W -Wall -Wpointer-arith -Wno-unused-parameter -Werror -g  -I src/core -I src/event -I src/event/modules -I src/event/quic -I src/os/unix -I objs \
#12 12.86 	-o objs/src/core/ngx_string.o \
#12 12.86 	src/core/ngx_string.c
#12 13.73 cc -c -pipe  -O -W -Wall -Wpointer-arith -Wno-unused-parameter -Werror -g  -I src/core -I src/event -I src/event/modules -I src/event/quic -I src/os/unix -I objs \
#12 13.73 	-o objs/src/core/ngx_parse.o \
#12 13.73 	src/core/ngx_parse.c
#12 14.08 cc -c -pipe  -O -W -Wall -Wpointer-arith -Wno-unused-parameter -Werror -g  -I src/core -I src/event -I src/event/modules -I src/event/quic -I src/os/unix -I objs \
#12 14.08 	-o objs/src/core/ngx_parse_time.o \
#12 14.08 	src/core/ngx_parse_time.c
#12 14.44 cc -c -pipe  -O -W -Wall -Wpointer-arith -Wno-unused-parameter -Werror -g  -I src/core -I src/event -I src/event/modules -I src/event/quic -I src/os/unix -I objs \
#12 14.44 	-o objs/src/core/ngx_inet.o \
#12 14.44 	src/core/ngx_inet.c
#12 15.01 cc -c -pipe  -O -W -Wall -Wpointer-arith -Wno-unused-parameter -Werror -g  -I src/core -I src/event -I src/event/modules -I src/event/quic -I src/os/unix -I objs \
#12 15.01 	-o objs/src/core/ngx_file.o \
#12 15.01 	src/core/ngx_file.c
#12 15.71 cc -c -pipe  -O -W -Wall -Wpointer-arith -Wno-unused-parameter -Werror -g  -I src/core -I src/event -I src/event/modules -I src/event/quic -I src/os/unix -I objs \
#12 15.71 	-o objs/src/core/ngx_crc32.o \
#12 15.71 	src/core/ngx_crc32.c
#12 16.02 cc -c -pipe  -O -W -Wall -Wpointer-arith -Wno-unused-parameter -Werror -g  -I src/core -I src/event -I src/event/modules -I src/event/quic -I src/os/unix -I objs \
#12 16.02 	-o objs/src/core/ngx_murmurhash.o \
#12 16.02 	src/core/ngx_murmurhash.c
#12 16.30 cc -c -pipe  -O -W -Wall -Wpointer-arith -Wno-unused-parameter -Werror -g  -I src/core -I src/event -I src/event/modules -I src/event/quic -I src/os/unix -I objs \
#12 16.30 	-o objs/src/core/ngx_md5.o \
#12 16.30 	src/core/ngx_md5.c
#12 16.67 cc -c -pipe  -O -W -Wall -Wpointer-arith -Wno-unused-parameter -Werror -g  -I src/core -I src/event -I src/event/modules -I src/event/quic -I src/os/unix -I objs \
#12 16.67 	-o objs/src/core/ngx_sha1.o \
#12 16.67 	src/core/ngx_sha1.c
#12 17.16 cc -c -pipe  -O -W -Wall -Wpointer-arith -Wno-unused-parameter -Werror -g  -I src/core -I src/event -I src/event/modules -I src/event/quic -I src/os/unix -I objs \
#12 17.16 	-o objs/src/core/ngx_rbtree.o \
#12 17.16 	src/core/ngx_rbtree.c
#12 17.53 cc -c -pipe  -O -W -Wall -Wpointer-arith -Wno-unused-parameter -Werror -g  -I src/core -I src/event -I src/event/modules -I src/event/quic -I src/os/unix -I objs \
#12 17.53 	-o objs/src/core/ngx_radix_tree.o \
#12 17.53 	src/core/ngx_radix_tree.c
#12 17.91 cc -c -pipe  -O -W -Wall -Wpointer-arith -Wno-unused-parameter -Werror -g  -I src/core -I src/event -I src/event/modules -I src/event/quic -I src/os/unix -I objs \
#12 17.91 	-o objs/src/core/ngx_slab.o \
#12 17.91 	src/core/ngx_slab.c
#12 18.42 cc -c -pipe  -O -W -Wall -Wpointer-arith -Wno-unused-parameter -Werror -g  -I src/core -I src/event -I src/event/modules -I src/event/quic -I src/os/unix -I objs \
#12 18.42 	-o objs/src/core/ngx_times.o \
#12 18.42 	src/core/ngx_times.c
#12 18.80 cc -c -pipe  -O -W -Wall -Wpointer-arith -Wno-unused-parameter -Werror -g  -I src/core -I src/event -I src/event/modules -I src/event/quic -I src/os/unix -I objs \
#12 18.80 	-o objs/src/core/ngx_shmtx.o \
#12 18.80 	src/core/ngx_shmtx.c
#12 19.21 cc -c -pipe  -O -W -Wall -Wpointer-arith -Wno-unused-parameter -Werror -g  -I src/core -I src/event -I src/event/modules -I src/event/quic -I src/os/unix -I objs \
#12 19.21 	-o objs/src/core/ngx_connection.o \
#12 19.21 	src/core/ngx_connection.c
#12 19.82 cc -c -pipe  -O -W -Wall -Wpointer-arith -Wno-unused-parameter -Werror -g  -I src/core -I src/event -I src/event/modules -I src/event/quic -I src/os/unix -I objs \
#12 19.82 	-o objs/src/core/ngx_cycle.o \
#12 19.82 	src/core/ngx_cycle.c
#12 20.47 cc -c -pipe  -O -W -Wall -Wpointer-arith -Wno-unused-parameter -Werror -g  -I src/core -I src/event -I src/event/modules -I src/event/quic -I src/os/unix -I objs \
#12 20.47 	-o objs/src/core/ngx_spinlock.o \
#12 20.47 	src/core/ngx_spinlock.c
#12 20.74 cc -c -pipe  -O -W -Wall -Wpointer-arith -Wno-unused-parameter -Werror -g  -I src/core -I src/event -I src/event/modules -I src/event/quic -I src/os/unix -I objs \
#12 20.74 	-o objs/src/core/ngx_rwlock.o \
#12 20.74 	src/core/ngx_rwlock.c
#12 21.03 cc -c -pipe  -O -W -Wall -Wpointer-arith -Wno-unused-parameter -Werror -g  -I src/core -I src/event -I src/event/modules -I src/event/quic -I src/os/unix -I objs \
#12 21.03 	-o objs/src/core/ngx_cpuinfo.o \
#12 21.03 	src/core/ngx_cpuinfo.c
#12 21.35 cc -c -pipe  -O -W -Wall -Wpointer-arith -Wno-unused-parameter -Werror -g  -I src/core -I src/event -I src/event/modules -I src/event/quic -I src/os/unix -I objs \
#12 21.35 	-o objs/src/core/ngx_conf_file.o \
#12 21.35 	src/core/ngx_conf_file.c
#12 22.03 cc -c -pipe  -O -W -Wall -Wpointer-arith -Wno-unused-parameter -Werror -g  -I src/core -I src/event -I src/event/modules -I src/event/quic -I src/os/unix -I objs \
#12 22.03 	-o objs/src/core/ngx_module.o \
#12 22.03 	src/core/ngx_module.c
#12 22.44 cc -c -pipe  -O -W -Wall -Wpointer-arith -Wno-unused-parameter -Werror -g  -I src/core -I src/event -I src/event/modules -I src/event/quic -I src/os/unix -I objs \
#12 22.44 	-o objs/src/core/ngx_resolver.o \
#12 22.44 	src/core/ngx_resolver.c
#12 24.19 cc -c -pipe  -O -W -Wall -Wpointer-arith -Wno-unused-parameter -Werror -g  -I src/core -I src/event -I src/event/modules -I src/event/quic -I src/os/unix -I objs \
#12 24.19 	-o objs/src/core/ngx_open_file_cache.o \
#12 24.19 	src/core/ngx_open_file_cache.c
#12 24.80 cc -c -pipe  -O -W -Wall -Wpointer-arith -Wno-unused-parameter -Werror -g  -I src/core -I src/event -I src/event/modules -I src/event/quic -I src/os/unix -I objs \
#12 24.80 	-o objs/src/core/ngx_crypt.o \
#12 24.80 	src/core/ngx_crypt.c
#12 25.22 cc -c -pipe  -O -W -Wall -Wpointer-arith -Wno-unused-parameter -Werror -g  -I src/core -I src/event -I src/event/modules -I src/event/quic -I src/os/unix -I objs \
#12 25.22 	-o objs/src/core/ngx_proxy_protocol.o \
#12 25.22 	src/core/ngx_proxy_protocol.c
#12 25.80 cc -c -pipe  -O -W -Wall -Wpointer-arith -Wno-unused-parameter -Werror -g  -I src/core -I src/event -I src/event/modules -I src/event/quic -I src/os/unix -I objs \
#12 25.80 	-o objs/src/core/ngx_syslog.o \
#12 25.80 	src/core/ngx_syslog.c
#12 26.28 cc -c -pipe  -O -W -Wall -Wpointer-arith -Wno-unused-parameter -Werror -g  -I src/core -I src/event -I src/event/modules -I src/event/quic -I src/os/unix -I objs \
#12 26.28 	-o objs/src/event/ngx_event.o \
#12 26.28 	src/event/ngx_event.c
#12 26.86 cc -c -pipe  -O -W -Wall -Wpointer-arith -Wno-unused-parameter -Werror -g  -I src/core -I src/event -I src/event/modules -I src/event/quic -I src/os/unix -I objs \
#12 26.86 	-o objs/src/event/ngx_event_timer.o \
#12 26.86 	src/event/ngx_event_timer.c
#12 27.18 cc -c -pipe  -O -W -Wall -Wpointer-arith -Wno-unused-parameter -Werror -g  -I src/core -I src/event -I src/event/modules -I src/event/quic -I src/os/unix -I objs \
#12 27.18 	-o objs/src/event/ngx_event_posted.o \
#12 27.18 	src/event/ngx_event_posted.c
#12 27.47 cc -c -pipe  -O -W -Wall -Wpointer-arith -Wno-unused-parameter -Werror -g  -I src/core -I src/event -I src/event/modules -I src/event/quic -I src/os/unix -I objs \
#12 27.47 	-o objs/src/event/ngx_event_accept.o \
#12 27.47 	src/event/ngx_event_accept.c
#12 27.92 cc -c -pipe  -O -W -Wall -Wpointer-arith -Wno-unused-parameter -Werror -g  -I src/core -I src/event -I src/event/modules -I src/event/quic -I src/os/unix -I objs \
#12 27.92 	-o objs/src/event/ngx_event_udp.o \
#12 27.92 	src/event/ngx_event_udp.c
#12 28.49 cc -c -pipe  -O -W -Wall -Wpointer-arith -Wno-unused-parameter -Werror -g  -I src/core -I src/event -I src/event/modules -I src/event/quic -I src/os/unix -I objs \
#12 28.49 	-o objs/src/event/ngx_event_connect.o \
#12 28.49 	src/event/ngx_event_connect.c
#12 28.88 cc -c -pipe  -O -W -Wall -Wpointer-arith -Wno-unused-parameter -Werror -g  -I src/core -I src/event -I src/event/modules -I src/event/quic -I src/os/unix -I objs \
#12 28.88 	-o objs/src/event/ngx_event_pipe.o \
#12 28.88 	src/event/ngx_event_pipe.c
#12 29.47 cc -c -pipe  -O -W -Wall -Wpointer-arith -Wno-unused-parameter -Werror -g  -I src/core -I src/event -I src/event/modules -I src/event/quic -I src/os/unix -I objs \
#12 29.47 	-o objs/src/os/unix/ngx_time.o \
#12 29.47 	src/os/unix/ngx_time.c
#12 29.78 cc -c -pipe  -O -W -Wall -Wpointer-arith -Wno-unused-parameter -Werror -g  -I src/core -I src/event -I src/event/modules -I src/event/quic -I src/os/unix -I objs \
#12 29.78 	-o objs/src/os/unix/ngx_errno.o \
#12 29.78 	src/os/unix/ngx_errno.c
#12 30.13 cc -c -pipe  -O -W -Wall -Wpointer-arith -Wno-unused-parameter -Werror -g  -I src/core -I src/event -I src/event/modules -I src/event/quic -I src/os/unix -I objs \
#12 30.13 	-o objs/src/os/unix/ngx_alloc.o \
#12 30.13 	src/os/unix/ngx_alloc.c
#12 30.45 cc -c -pipe  -O -W -Wall -Wpointer-arith -Wno-unused-parameter -Werror -g  -I src/core -I src/event -I src/event/modules -I src/event/quic -I src/os/unix -I objs \
#12 30.45 	-o objs/src/os/unix/ngx_files.o \
#12 30.45 	src/os/unix/ngx_files.c
#12 30.86 cc -c -pipe  -O -W -Wall -Wpointer-arith -Wno-unused-parameter -Werror -g  -I src/core -I src/event -I src/event/modules -I src/event/quic -I src/os/unix -I objs \
#12 30.86 	-o objs/src/os/unix/ngx_socket.o \
#12 30.86 	src/os/unix/ngx_socket.c
#12 31.17 cc -c -pipe  -O -W -Wall -Wpointer-arith -Wno-unused-parameter -Werror -g  -I src/core -I src/event -I src/event/modules -I src/event/quic -I src/os/unix -I objs \
#12 31.17 	-o objs/src/os/unix/ngx_recv.o \
#12 31.17 	src/os/unix/ngx_recv.c
#12 31.54 cc -c -pipe  -O -W -Wall -Wpointer-arith -Wno-unused-parameter -Werror -g  -I src/core -I src/event -I src/event/modules -I src/event/quic -I src/os/unix -I objs \
#12 31.54 	-o objs/src/os/unix/ngx_readv_chain.o \
#12 31.54 	src/os/unix/ngx_readv_chain.c
#12 31.91 cc -c -pipe  -O -W -Wall -Wpointer-arith -Wno-unused-parameter -Werror -g  -I src/core -I src/event -I src/event/modules -I src/event/quic -I src/os/unix -I objs \
#12 31.91 	-o objs/src/os/unix/ngx_udp_recv.o \
#12 31.91 	src/os/unix/ngx_udp_recv.c
#12 32.21 cc -c -pipe  -O -W -Wall -Wpointer-arith -Wno-unused-parameter -Werror -g  -I src/core -I src/event -I src/event/modules -I src/event/quic -I src/os/unix -I objs \
#12 32.21 	-o objs/src/os/unix/ngx_send.o \
#12 32.21 	src/os/unix/ngx_send.c
#12 32.51 cc -c -pipe  -O -W -Wall -Wpointer-arith -Wno-unused-parameter -Werror -g  -I src/core -I src/event -I src/event/modules -I src/event/quic -I src/os/unix -I objs \
#12 32.51 	-o objs/src/os/unix/ngx_writev_chain.o \
#12 32.51 	src/os/unix/ngx_writev_chain.c
#12 32.84 cc -c -pipe  -O -W -Wall -Wpointer-arith -Wno-unused-parameter -Werror -g  -I src/core -I src/event -I src/event/modules -I src/event/quic -I src/os/unix -I objs \
#12 32.84 	-o objs/src/os/unix/ngx_udp_send.o \
#12 32.84 	src/os/unix/ngx_udp_send.c
#12 33.12 cc -c -pipe  -O -W -Wall -Wpointer-arith -Wno-unused-parameter -Werror -g  -I src/core -I src/event -I src/event/modules -I src/event/quic -I src/os/unix -I objs \
#12 33.12 	-o objs/src/os/unix/ngx_udp_sendmsg_chain.o \
#12 33.12 	src/os/unix/ngx_udp_sendmsg_chain.c
#12 33.47 cc -c -pipe  -O -W -Wall -Wpointer-arith -Wno-unused-parameter -Werror -g  -I src/core -I src/event -I src/event/modules -I src/event/quic -I src/os/unix -I objs \
#12 33.47 	-o objs/src/os/unix/ngx_channel.o \
#12 33.47 	src/os/unix/ngx_channel.c
#12 33.79 cc -c -pipe  -O -W -Wall -Wpointer-arith -Wno-unused-parameter -Werror -g  -I src/core -I src/event -I src/event/modules -I src/event/quic -I src/os/unix -I objs \
#12 33.79 	-o objs/src/os/unix/ngx_shmem.o \
#12 33.79 	src/os/unix/ngx_shmem.c
#12 34.06 cc -c -pipe  -O -W -Wall -Wpointer-arith -Wno-unused-parameter -Werror -g  -I src/core -I src/event -I src/event/modules -I src/event/quic -I src/os/unix -I objs \
#12 34.06 	-o objs/src/os/unix/ngx_process.o \
#12 34.06 	src/os/unix/ngx_process.c
#12 34.53 cc -c -pipe  -O -W -Wall -Wpointer-arith -Wno-unused-parameter -Werror -g  -I src/core -I src/event -I src/event/modules -I src/event/quic -I src/os/unix -I objs \
#12 34.53 	-o objs/src/os/unix/ngx_daemon.o \
#12 34.53 	src/os/unix/ngx_daemon.c
#12 34.84 cc -c -pipe  -O -W -Wall -Wpointer-arith -Wno-unused-parameter -Werror -g  -I src/core -I src/event -I src/event/modules -I src/event/quic -I src/os/unix -I objs \
#12 34.84 	-o objs/src/os/unix/ngx_setaffinity.o \
#12 34.84 	src/os/unix/ngx_setaffinity.c
#12 35.16 cc -c -pipe  -O -W -Wall -Wpointer-arith -Wno-unused-parameter -Werror -g  -I src/core -I src/event -I src/event/modules -I src/event/quic -I src/os/unix -I objs \
#12 35.16 	-o objs/src/os/unix/ngx_setproctitle.o \
#12 35.16 	src/os/unix/ngx_setproctitle.c
#12 35.47 cc -c -pipe  -O -W -Wall -Wpointer-arith -Wno-unused-parameter -Werror -g  -I src/core -I src/event -I src/event/modules -I src/event/quic -I src/os/unix -I objs \
#12 35.47 	-o objs/src/os/unix/ngx_posix_init.o \
#12 35.47 	src/os/unix/ngx_posix_init.c
#12 35.78 cc -c -pipe  -O -W -Wall -Wpointer-arith -Wno-unused-parameter -Werror -g  -I src/core -I src/event -I src/event/modules -I src/event/quic -I src/os/unix -I objs \
#12 35.78 	-o objs/src/os/unix/ngx_user.o \
#12 35.78 	src/os/unix/ngx_user.c
#12 36.07 cc -c -pipe  -O -W -Wall -Wpointer-arith -Wno-unused-parameter -Werror -g  -I src/core -I src/event -I src/event/modules -I src/event/quic -I src/os/unix -I objs \
#12 36.07 	-o objs/src/os/unix/ngx_dlopen.o \
#12 36.07 	src/os/unix/ngx_dlopen.c
#12 36.34 cc -c -pipe  -O -W -Wall -Wpointer-arith -Wno-unused-parameter -Werror -g  -I src/core -I src/event -I src/event/modules -I src/event/quic -I src/os/unix -I objs \
#12 36.34 	-o objs/src/os/unix/ngx_process_cycle.o \
#12 36.34 	src/os/unix/ngx_process_cycle.c
#12 37.08 cc -c -pipe  -O -W -Wall -Wpointer-arith -Wno-unused-parameter -Werror -g  -I src/core -I src/event -I src/event/modules -I src/event/quic -I src/os/unix -I objs \
#12 37.08 	-o objs/src/os/unix/ngx_linux_init.o \
#12 37.08 	src/os/unix/ngx_linux_init.c
#12 37.40 cc -c -pipe  -O -W -Wall -Wpointer-arith -Wno-unused-parameter -Werror -g  -I src/core -I src/event -I src/event/modules -I src/event/quic -I src/os/unix -I objs \
#12 37.40 	-o objs/src/event/modules/ngx_epoll_module.o \
#12 37.40 	src/event/modules/ngx_epoll_module.c
#12 37.90 cc -c -pipe  -O -W -Wall -Wpointer-arith -Wno-unused-parameter -Werror -g  -I src/core -I src/event -I src/event/modules -I src/event/quic -I src/os/unix -I objs \
#12 37.90 	-o objs/src/os/unix/ngx_linux_sendfile_chain.o \
#12 37.90 	src/os/unix/ngx_linux_sendfile_chain.c
#12 38.32 cc -c -pipe  -O -W -Wall -Wpointer-arith -Wno-unused-parameter -Werror -g  -I src/core -I src/event -I src/event/modules -I src/event/quic -I src/os/unix -I objs \
#12 38.32 	-o objs/src/core/ngx_bpf.o \
#12 38.32 	src/core/ngx_bpf.c
#12 38.66 cc -c -pipe  -O -W -Wall -Wpointer-arith -Wno-unused-parameter -Werror -g  -I src/core -I src/event -I src/event/modules -I src/event/quic -I src/os/unix -I objs \
#12 38.66 	-o objs/src/event/ngx_event_openssl.o \
#12 38.66 	src/event/ngx_event_openssl.c
#12 40.56 cc -c -pipe  -O -W -Wall -Wpointer-arith -Wno-unused-parameter -Werror -g  -I src/core -I src/event -I src/event/modules -I src/event/quic -I src/os/unix -I objs \
#12 40.56 	-o objs/src/event/ngx_event_openssl_cache.o \
#12 40.56 	src/event/ngx_event_openssl_cache.c
#12 41.12 cc -c -pipe  -O -W -Wall -Wpointer-arith -Wno-unused-parameter -Werror -g  -I src/core -I src/event -I src/event/modules -I src/event/quic -I src/os/unix -I objs \
#12 41.12 	-o objs/src/event/ngx_event_openssl_stapling.o \
#12 41.12 	src/event/ngx_event_openssl_stapling.c
#12 42.12 cc -c -pipe  -O -W -Wall -Wpointer-arith -Wno-unused-parameter -Werror -g  -I src/core -I src/event -I src/event/modules -I src/event/quic -I src/os/unix -I objs \
#12 42.12 	-o objs/src/core/ngx_regex.o \
#12 42.12 	src/core/ngx_regex.c
#12 42.55 cc -c -pipe  -O -W -Wall -Wpointer-arith -Wno-unused-parameter -Werror -g  -I src/core -I src/event -I src/event/modules -I src/event/quic -I src/os/unix -I objs -I src/http -I src/http/modules \
#12 42.55 	-o objs/src/http/ngx_http.o \
#12 42.55 	src/http/ngx_http.c
#12 43.43 cc -c -pipe  -O -W -Wall -Wpointer-arith -Wno-unused-parameter -Werror -g  -I src/core -I src/event -I src/event/modules -I src/event/quic -I src/os/unix -I objs -I src/http -I src/http/modules \
#12 43.43 	-o objs/src/http/ngx_http_core_module.o \
#12 43.43 	src/http/ngx_http_core_module.c
#12 45.16 cc -c -pipe  -O -W -Wall -Wpointer-arith -Wno-unused-parameter -Werror -g  -I src/core -I src/event -I src/event/modules -I src/event/quic -I src/os/unix -I objs -I src/http -I src/http/modules \
#12 45.16 	-o objs/src/http/ngx_http_special_response.o \
#12 45.16 	src/http/ngx_http_special_response.c
#12 45.61 cc -c -pipe  -O -W -Wall -Wpointer-arith -Wno-unused-parameter -Werror -g  -I src/core -I src/event -I src/event/modules -I src/event/quic -I src/os/unix -I objs -I src/http -I src/http/modules \
#12 45.61 	-o objs/src/http/ngx_http_request.o \
#12 45.61 	src/http/ngx_http_request.c
#12 47.01 cc -c -pipe  -O -W -Wall -Wpointer-arith -Wno-unused-parameter -Werror -g  -I src/core -I src/event -I src/event/modules -I src/event/quic -I src/os/unix -I objs -I src/http -I src/http/modules \
#12 47.01 	-o objs/src/http/ngx_http_parse.o \
#12 47.01 	src/http/ngx_http_parse.c
#12 47.85 cc -c -pipe  -O -W -Wall -Wpointer-arith -Wno-unused-parameter -Werror -g  -I src/core -I src/event -I src/event/modules -I src/event/quic -I src/os/unix -I objs -I src/http -I src/http/modules \
#12 47.85 	-o objs/src/http/modules/ngx_http_log_module.o \
#12 47.85 	src/http/modules/ngx_http_log_module.c
#12 48.77 cc -c -pipe  -O -W -Wall -Wpointer-arith -Wno-unused-parameter -Werror -g  -I src/core -I src/event -I src/event/modules -I src/event/quic -I src/os/unix -I objs -I src/http -I src/http/modules \
#12 48.77 	-o objs/src/http/ngx_http_request_body.o \
#12 48.77 	src/http/ngx_http_request_body.c
#12 49.46 cc -c -pipe  -O -W -Wall -Wpointer-arith -Wno-unused-parameter -Werror -g  -I src/core -I src/event -I src/event/modules -I src/event/quic -I src/os/unix -I objs -I src/http -I src/http/modules \
#12 49.46 	-o objs/src/http/ngx_http_variables.o \
#12 49.46 	src/http/ngx_http_variables.c
#12 50.50 cc -c -pipe  -O -W -Wall -Wpointer-arith -Wno-unused-parameter -Werror -g  -I src/core -I src/event -I src/event/modules -I src/event/quic -I src/os/unix -I objs -I src/http -I src/http/modules \
#12 50.50 	-o objs/src/http/ngx_http_script.o \
#12 50.50 	src/http/ngx_http_script.c
#12 51.30 cc -c -pipe  -O -W -Wall -Wpointer-arith -Wno-unused-parameter -Werror -g  -I src/core -I src/event -I src/event/modules -I src/event/quic -I src/os/unix -I objs -I src/http -I src/http/modules \
#12 51.30 	-o objs/src/http/ngx_http_upstream.o \
#12 51.30 	src/http/ngx_http_upstream.c
#12 53.17 cc -c -pipe  -O -W -Wall -Wpointer-arith -Wno-unused-parameter -Werror -g  -I src/core -I src/event -I src/event/modules -I src/event/quic -I src/os/unix -I objs -I src/http -I src/http/modules \
#12 53.17 	-o objs/src/http/ngx_http_upstream_round_robin.o \
#12 53.17 	src/http/ngx_http_upstream_round_robin.c
#12 53.83 cc -c -pipe  -O -W -Wall -Wpointer-arith -Wno-unused-parameter -Werror -g  -I src/core -I src/event -I src/event/modules -I src/event/quic -I src/os/unix -I objs -I src/http -I src/http/modules \
#12 53.83 	-o objs/src/http/ngx_http_file_cache.o \
#12 53.83 	src/http/ngx_http_file_cache.c
#12 54.96 cc -c -pipe  -O -W -Wall -Wpointer-arith -Wno-unused-parameter -Werror -g  -I src/core -I src/event -I src/event/modules -I src/event/quic -I src/os/unix -I objs -I src/http -I src/http/modules \
#12 54.96 	-o objs/src/http/ngx_http_write_filter_module.o \
#12 54.96 	src/http/ngx_http_write_filter_module.c
#12 55.44 cc -c -pipe  -O -W -Wall -Wpointer-arith -Wno-unused-parameter -Werror -g  -I src/core -I src/event -I src/event/modules -I src/event/quic -I src/os/unix -I objs -I src/http -I src/http/modules \
#12 55.44 	-o objs/src/http/ngx_http_header_filter_module.o \
#12 55.44 	src/http/ngx_http_header_filter_module.c
#12 55.92 cc -c -pipe  -O -W -Wall -Wpointer-arith -Wno-unused-parameter -Werror -g  -I src/core -I src/event -I src/event/modules -I src/event/quic -I src/os/unix -I objs -I src/http -I src/http/modules \
#12 55.92 	-o objs/src/http/modules/ngx_http_chunked_filter_module.o \
#12 55.92 	src/http/modules/ngx_http_chunked_filter_module.c
#12 56.29 cc -c -pipe  -O -W -Wall -Wpointer-arith -Wno-unused-parameter -Werror -g  -I src/core -I src/event -I src/event/modules -I src/event/quic -I src/os/unix -I objs -I src/http -I src/http/modules \
#12 56.29 	-o objs/src/http/modules/ngx_http_range_filter_module.o \
#12 56.29 	src/http/modules/ngx_http_range_filter_module.c
#12 56.79 cc -c -pipe  -O -W -Wall -Wpointer-arith -Wno-unused-parameter -Werror -g  -I src/core -I src/event -I src/event/modules -I src/event/quic -I src/os/unix -I objs -I src/http -I src/http/modules \
#12 56.79 	-o objs/src/http/modules/ngx_http_gzip_filter_module.o \
#12 56.79 	src/http/modules/ngx_http_gzip_filter_module.c
#12 57.32 cc -c -pipe  -O -W -Wall -Wpointer-arith -Wno-unused-parameter -Werror -g  -I src/core -I src/event -I src/event/modules -I src/event/quic -I src/os/unix -I objs -I src/http -I src/http/modules \
#12 57.32 	-o objs/src/http/ngx_http_postpone_filter_module.o \
#12 57.32 	src/http/ngx_http_postpone_filter_module.c
#12 57.68 cc -c -pipe  -O -W -Wall -Wpointer-arith -Wno-unused-parameter -Werror -g  -I src/core -I src/event -I src/event/modules -I src/event/quic -I src/os/unix -I objs -I src/http -I src/http/modules \
#12 57.68 	-o objs/src/http/modules/ngx_http_ssi_filter_module.o \
#12 57.68 	src/http/modules/ngx_http_ssi_filter_module.c
#12 58.84 cc -c -pipe  -O -W -Wall -Wpointer-arith -Wno-unused-parameter -Werror -g  -I src/core -I src/event -I src/event/modules -I src/event/quic -I src/os/unix -I objs -I src/http -I src/http/modules \
#12 58.84 	-o objs/src/http/modules/ngx_http_charset_filter_module.o \
#12 58.84 	src/http/modules/ngx_http_charset_filter_module.c
#12 59.56 cc -c -pipe  -O -W -Wall -Wpointer-arith -Wno-unused-parameter -Werror -g  -I src/core -I src/event -I src/event/modules -I src/event/quic -I src/os/unix -I objs -I src/http -I src/http/modules \
#12 59.56 	-o objs/src/http/modules/ngx_http_userid_filter_module.o \
#12 59.56 	src/http/modules/ngx_http_userid_filter_module.c
#12 60.25 cc -c -pipe  -O -W -Wall -Wpointer-arith -Wno-unused-parameter -Werror -g  -I src/core -I src/event -I src/event/modules -I src/event/quic -I src/os/unix -I objs -I src/http -I src/http/modules \
#12 60.25 	-o objs/src/http/modules/ngx_http_headers_filter_module.o \
#12 60.25 	src/http/modules/ngx_http_headers_filter_module.c
#12 60.72 cc -c -pipe  -O -W -Wall -Wpointer-arith -Wno-unused-parameter -Werror -g  -I src/core -I src/event -I src/event/modules -I src/event/quic -I src/os/unix -I objs -I src/http -I src/http/modules \
#12 60.72 	-o objs/src/http/ngx_http_copy_filter_module.o \
#12 60.72 	src/http/ngx_http_copy_filter_module.c
#12 61.05 cc -c -pipe  -O -W -Wall -Wpointer-arith -Wno-unused-parameter -Werror -g  -I src/core -I src/event -I src/event/modules -I src/event/quic -I src/os/unix -I objs -I src/http -I src/http/modules \
#12 61.05 	-o objs/src/http/modules/ngx_http_not_modified_filter_module.o \
#12 61.05 	src/http/modules/ngx_http_not_modified_filter_module.c
#12 61.53 cc -c -pipe  -O -W -Wall -Wpointer-arith -Wno-unused-parameter -Werror -g  -I src/core -I src/event -I src/event/modules -I src/event/quic -I src/os/unix -I objs -I src/http -I src/http/modules \
#12 61.53 	-o objs/src/http/modules/ngx_http_static_module.o \
#12 61.53 	src/http/modules/ngx_http_static_module.c
#12 61.99 cc -c -pipe  -O -W -Wall -Wpointer-arith -Wno-unused-parameter -Werror -g  -I src/core -I src/event -I src/event/modules -I src/event/quic -I src/os/unix -I objs -I src/http -I src/http/modules \
#12 61.99 	-o objs/src/http/modules/ngx_http_autoindex_module.o \
#12 61.99 	src/http/modules/ngx_http_autoindex_module.c
#12 62.55 cc -c -pipe  -O -W -Wall -Wpointer-arith -Wno-unused-parameter -Werror -g  -I src/core -I src/event -I src/event/modules -I src/event/quic -I src/os/unix -I objs -I src/http -I src/http/modules \
#12 62.55 	-o objs/src/http/modules/ngx_http_index_module.o \
#12 62.55 	src/http/modules/ngx_http_index_module.c
#12 63.00 cc -c -pipe  -O -W -Wall -Wpointer-arith -Wno-unused-parameter -Werror -g  -I src/core -I src/event -I src/event/modules -I src/event/quic -I src/os/unix -I objs -I src/http -I src/http/modules \
#12 63.00 	-o objs/src/http/modules/ngx_http_mirror_module.o \
#12 63.00 	src/http/modules/ngx_http_mirror_module.c
#12 63.37 cc -c -pipe  -O -W -Wall -Wpointer-arith -Wno-unused-parameter -Werror -g  -I src/core -I src/event -I src/event/modules -I src/event/quic -I src/os/unix -I objs -I src/http -I src/http/modules \
#12 63.37 	-o objs/src/http/modules/ngx_http_try_files_module.o \
#12 63.37 	src/http/modules/ngx_http_try_files_module.c
#12 63.75 cc -c -pipe  -O -W -Wall -Wpointer-arith -Wno-unused-parameter -Werror -g  -I src/core -I src/event -I src/event/modules -I src/event/quic -I src/os/unix -I objs -I src/http -I src/http/modules \
#12 63.75 	-o objs/src/http/modules/ngx_http_auth_basic_module.o \
#12 63.75 	src/http/modules/ngx_http_auth_basic_module.c
#12 64.14 cc -c -pipe  -O -W -Wall -Wpointer-arith -Wno-unused-parameter -Werror -g  -I src/core -I src/event -I src/event/modules -I src/event/quic -I src/os/unix -I objs -I src/http -I src/http/modules \
#12 64.14 	-o objs/src/http/modules/ngx_http_access_module.o \
#12 64.14 	src/http/modules/ngx_http_access_module.c
#12 64.51 cc -c -pipe  -O -W -Wall -Wpointer-arith -Wno-unused-parameter -Werror -g  -I src/core -I src/event -I src/event/modules -I src/event/quic -I src/os/unix -I objs -I src/http -I src/http/modules \
#12 64.51 	-o objs/src/http/modules/ngx_http_limit_conn_module.o \
#12 64.51 	src/http/modules/ngx_http_limit_conn_module.c
#12 64.95 cc -c -pipe  -O -W -Wall -Wpointer-arith -Wno-unused-parameter -Werror -g  -I src/core -I src/event -I src/event/modules -I src/event/quic -I src/os/unix -I objs -I src/http -I src/http/modules \
#12 64.95 	-o objs/src/http/modules/ngx_http_limit_req_module.o \
#12 64.95 	src/http/modules/ngx_http_limit_req_module.c
#12 65.53 cc -c -pipe  -O -W -Wall -Wpointer-arith -Wno-unused-parameter -Werror -g  -I src/core -I src/event -I src/event/modules -I src/event/quic -I src/os/unix -I objs -I src/http -I src/http/modules \
#12 65.53 	-o objs/src/http/modules/ngx_http_geo_module.o \
#12 65.53 	src/http/modules/ngx_http_geo_module.c
#12 66.26 cc -c -pipe  -O -W -Wall -Wpointer-arith -Wno-unused-parameter -Werror -g  -I src/core -I src/event -I src/event/modules -I src/event/quic -I src/os/unix -I objs -I src/http -I src/http/modules \
#12 66.26 	-o objs/src/http/modules/ngx_http_map_module.o \
#12 66.26 	src/http/modules/ngx_http_map_module.c
#12 66.69 cc -c -pipe  -O -W -Wall -Wpointer-arith -Wno-unused-parameter -Werror -g  -I src/core -I src/event -I src/event/modules -I src/event/quic -I src/os/unix -I objs -I src/http -I src/http/modules \
#12 66.69 	-o objs/src/http/modules/ngx_http_split_clients_module.o \
#12 66.69 	src/http/modules/ngx_http_split_clients_module.c
#12 67.05 cc -c -pipe  -O -W -Wall -Wpointer-arith -Wno-unused-parameter -Werror -g  -I src/core -I src/event -I src/event/modules -I src/event/quic -I src/os/unix -I objs -I src/http -I src/http/modules \
#12 67.05 	-o objs/src/http/modules/ngx_http_referer_module.o \
#12 67.05 	src/http/modules/ngx_http_referer_module.c
#12 67.54 cc -c -pipe  -O -W -Wall -Wpointer-arith -Wno-unused-parameter -Werror -g  -I src/core -I src/event -I src/event/modules -I src/event/quic -I src/os/unix -I objs -I src/http -I src/http/modules \
#12 67.54 	-o objs/src/http/modules/ngx_http_rewrite_module.o \
#12 67.54 	src/http/modules/ngx_http_rewrite_module.c
#12 68.01 cc -c -pipe  -O -W -Wall -Wpointer-arith -Wno-unused-parameter -Werror -g  -I src/core -I src/event -I src/event/modules -I src/event/quic -I src/os/unix -I objs -I src/http -I src/http/modules \
#12 68.01 	-o objs/src/http/modules/ngx_http_ssl_module.o \
#12 68.01 	src/http/modules/ngx_http_ssl_module.c
#12 68.52 cc -c -pipe  -O -W -Wall -Wpointer-arith -Wno-unused-parameter -Werror -g  -I src/core -I src/event -I src/event/modules -I src/event/quic -I src/os/unix -I objs -I src/http -I src/http/modules \
#12 68.52 	-o objs/src/http/modules/ngx_http_proxy_module.o \
#12 68.52 	src/http/modules/ngx_http_proxy_module.c
#12 69.78 cc -c -pipe  -O -W -Wall -Wpointer-arith -Wno-unused-parameter -Werror -g  -I src/core -I src/event -I src/event/modules -I src/event/quic -I src/os/unix -I objs -I src/http -I src/http/modules \
#12 69.78 	-o objs/src/http/modules/ngx_http_fastcgi_module.o \
#12 69.78 	src/http/modules/ngx_http_fastcgi_module.c
#12 70.85 cc -c -pipe  -O -W -Wall -Wpointer-arith -Wno-unused-parameter -Werror -g  -I src/core -I src/event -I src/event/modules -I src/event/quic -I src/os/unix -I objs -I src/http -I src/http/modules \
#12 70.85 	-o objs/src/http/modules/ngx_http_uwsgi_module.o \
#12 70.85 	src/http/modules/ngx_http_uwsgi_module.c
#12 71.80 cc -c -pipe  -O -W -Wall -Wpointer-arith -Wno-unused-parameter -Werror -g  -I src/core -I src/event -I src/event/modules -I src/event/quic -I src/os/unix -I objs -I src/http -I src/http/modules \
#12 71.80 	-o objs/src/http/modules/ngx_http_scgi_module.o \
#12 71.80 	src/http/modules/ngx_http_scgi_module.c
#12 72.65 cc -c -pipe  -O -W -Wall -Wpointer-arith -Wno-unused-parameter -Werror -g  -I src/core -I src/event -I src/event/modules -I src/event/quic -I src/os/unix -I objs -I src/http -I src/http/modules \
#12 72.65 	-o objs/src/http/modules/ngx_http_memcached_module.o \
#12 72.65 	src/http/modules/ngx_http_memcached_module.c
#12 73.09 cc -c -pipe  -O -W -Wall -Wpointer-arith -Wno-unused-parameter -Werror -g  -I src/core -I src/event -I src/event/modules -I src/event/quic -I src/os/unix -I objs -I src/http -I src/http/modules \
#12 73.09 	-o objs/src/http/modules/ngx_http_empty_gif_module.o \
#12 73.09 	src/http/modules/ngx_http_empty_gif_module.c
#12 73.41 cc -c -pipe  -O -W -Wall -Wpointer-arith -Wno-unused-parameter -Werror -g  -I src/core -I src/event -I src/event/modules -I src/event/quic -I src/os/unix -I objs -I src/http -I src/http/modules \
#12 73.41 	-o objs/src/http/modules/ngx_http_browser_module.o \
#12 73.41 	src/http/modules/ngx_http_browser_module.c
#12 73.87 cc -c -pipe  -O -W -Wall -Wpointer-arith -Wno-unused-parameter -Werror -g  -I src/core -I src/event -I src/event/modules -I src/event/quic -I src/os/unix -I objs -I src/http -I src/http/modules \
#12 73.87 	-o objs/src/http/modules/ngx_http_upstream_hash_module.o \
#12 73.87 	src/http/modules/ngx_http_upstream_hash_module.c
#12 74.37 cc -c -pipe  -O -W -Wall -Wpointer-arith -Wno-unused-parameter -Werror -g  -I src/core -I src/event -I src/event/modules -I src/event/quic -I src/os/unix -I objs -I src/http -I src/http/modules \
#12 74.37 	-o objs/src/http/modules/ngx_http_upstream_ip_hash_module.o \
#12 74.37 	src/http/modules/ngx_http_upstream_ip_hash_module.c
#12 74.76 cc -c -pipe  -O -W -Wall -Wpointer-arith -Wno-unused-parameter -Werror -g  -I src/core -I src/event -I src/event/modules -I src/event/quic -I src/os/unix -I objs -I src/http -I src/http/modules \
#12 74.76 	-o objs/src/http/modules/ngx_http_upstream_least_conn_module.o \
#12 74.76 	src/http/modules/ngx_http_upstream_least_conn_module.c
#12 75.16 cc -c -pipe  -O -W -Wall -Wpointer-arith -Wno-unused-parameter -Werror -g  -I src/core -I src/event -I src/event/modules -I src/event/quic -I src/os/unix -I objs -I src/http -I src/http/modules \
#12 75.16 	-o objs/src/http/modules/ngx_http_upstream_random_module.o \
#12 75.16 	src/http/modules/ngx_http_upstream_random_module.c
#12 75.62 cc -c -pipe  -O -W -Wall -Wpointer-arith -Wno-unused-parameter -Werror -g  -I src/core -I src/event -I src/event/modules -I src/event/quic -I src/os/unix -I objs -I src/http -I src/http/modules \
#12 75.62 	-o objs/src/http/modules/ngx_http_upstream_keepalive_module.o \
#12 75.62 	src/http/modules/ngx_http_upstream_keepalive_module.c
#12 76.01 cc -c -pipe  -O -W -Wall -Wpointer-arith -Wno-unused-parameter -Werror -g  -I src/core -I src/event -I src/event/modules -I src/event/quic -I src/os/unix -I objs -I src/http -I src/http/modules \
#12 76.01 	-o objs/src/http/modules/ngx_http_upstream_zone_module.o \
#12 76.01 	src/http/modules/ngx_http_upstream_zone_module.c
#12 76.61 cc -c -pipe  -O -W -Wall -Wpointer-arith -Wno-unused-parameter -Werror -g   -I src/core -I src/event -I src/event/modules -I src/event/quic -I src/os/unix -I objs -I src/http -I src/http/modules \
#12 76.61 	-o objs/addon/ja4_nopatch/ngx_http_ja4_module.o \
#12 76.61 	/tmp/ja4_nopatch/ngx_http_ja4_module.c
#12 76.91 /tmp/ja4_nopatch/ngx_http_ja4_module.c: In function 'ngx_http_ja4_access_handler':
#12 76.91 /tmp/ja4_nopatch/ngx_http_ja4_module.c:379:17: error: implicit declaration of function 'ngx_ja4_calculate' [-Wimplicit-function-declaration]
#12 76.91   379 |                 ngx_ja4_calculate(r->connection, ctx->ja4_data);
#12 76.91       |                 ^~~~~~~~~~~~~~~~~
#12 76.91 /tmp/ja4_nopatch/ngx_http_ja4_module.c: At top level:
#12 76.91 /tmp/ja4_nopatch/ngx_http_ja4_module.c:419:6: error: conflicting types for 'ngx_ja4_calculate'; have 'void(ngx_connection_t *, ngx_ssl_ja4_t *)' {aka 'void(struct ngx_connection_s *, struct ngx_ssl_ja4_s *)'} [-Werror]
#12 76.91   419 | void ngx_ja4_calculate(ngx_connection_t *c, ngx_ssl_ja4_t *ja4) {
#12 76.91       |      ^~~~~~~~~~~~~~~~~
#12 76.91 /tmp/ja4_nopatch/ngx_http_ja4_module.c:379:17: note: previous implicit declaration of 'ngx_ja4_calculate' with type 'void(ngx_connection_t *, ngx_ssl_ja4_t *)' {aka 'void(struct ngx_connection_s *, struct ngx_ssl_ja4_s *)'}
#12 76.91   379 |                 ngx_ja4_calculate(r->connection, ctx->ja4_data);
#12 76.91       |                 ^~~~~~~~~~~~~~~~~
#12 76.92 cc1: all warnings being treated as errors
#12 76.93 make[1]: Leaving directory '/tmp/nginx-1.27.3'
#12 76.93 make[1]: *** [objs/Makefile:1254: objs/addon/ja4_nopatch/ngx_http_ja4_module.o] Error 1
#12 76.93 make: *** [Makefile:10: build] Error 2
#12 ERROR: process "/bin/sh -c ./configure     --with-debug     --with-compat     --add-module=/tmp/ja4_nopatch     --with-http_ssl_module     --prefix=/etc/nginx     && make     && make install" did not complete successfully: exit code: 2
------
 > [ 7/12] RUN ./configure     --with-debug     --with-compat     --add-module=/tmp/ja4_nopatch     --with-http_ssl_module     --prefix=/etc/nginx     && make     && make install:
76.91 /tmp/ja4_nopatch/ngx_http_ja4_module.c:419:6: error: conflicting types for 'ngx_ja4_calculate'; have 'void(ngx_connection_t *, ngx_ssl_ja4_t *)' {aka 'void(struct ngx_connection_s *, struct ngx_ssl_ja4_s *)'} [-Werror]
76.91   419 | void ngx_ja4_calculate(ngx_connection_t *c, ngx_ssl_ja4_t *ja4) {
76.91       |      ^~~~~~~~~~~~~~~~~
76.91 /tmp/ja4_nopatch/ngx_http_ja4_module.c:379:17: note: previous implicit declaration of 'ngx_ja4_calculate' with type 'void(ngx_connection_t *, ngx_ssl_ja4_t *)' {aka 'void(struct ngx_connection_s *, struct ngx_ssl_ja4_s *)'}
76.91   379 |                 ngx_ja4_calculate(r->connection, ctx->ja4_data);
76.91       |                 ^~~~~~~~~~~~~~~~~
76.92 cc1: all warnings being treated as errors
76.93 make[1]: Leaving directory '/tmp/nginx-1.27.3'
76.93 make[1]: *** [objs/Makefile:1254: objs/addon/ja4_nopatch/ngx_http_ja4_module.o] Error 1
76.93 make: *** [Makefile:10: build] Error 2
------
Dockerfile:35

--------------------

  34 |     # We use system OpenSSL (from openssl-dev)

  35 | >>> RUN ./configure \

  36 | >>>     --with-debug \

  37 | >>>     --with-compat \

  38 | >>>     --add-module=/tmp/ja4_nopatch \

  39 | >>>     --with-http_ssl_module \

  40 | >>>     --prefix=/etc/nginx \

  41 | >>>     && make \

  42 | >>>     && make install

  43 |     

--------------------

failed to solve: process "/bin/sh -c ./configure     --with-debug     --with-compat     --add-module=/tmp/ja4_nopatch     --with-http_ssl_module     --prefix=/etc/nginx     && make     && make install" did not complete successfully: exit code: 2

